<?xml version="1.0" encoding="UTF-8"?>
<testng-results ignored="0" total="1" passed="1" failed="0" skipped="0">
  <reporter-output>
  </reporter-output>
  <suite started-at="2024-10-11T12:08:26 IST" name="Default suite" finished-at="2024-10-11T12:08:26 IST" duration-ms="118">
    <groups>
    </groups>
    <test started-at="2024-10-11T12:08:26 IST" name="Default test" finished-at="2024-10-11T12:08:26 IST" duration-ms="118">
      <class name="com.example.tests.FirstClass">
        <test-method signature="testSubtraction()[pri:0, instance:com.example.tests.FirstClass@63a12c68]" started-at="2024-10-11T12:08:26 IST" name="testSubtraction" finished-at="2024-10-11T12:08:26 IST" duration-ms="30" status="PASS">
          <reporter-output>
          </reporter-output>
        </test-method> <!-- testSubtraction -->
      </class> <!-- com.example.tests.FirstClass -->
    </test> <!-- Default test -->
  </suite> <!-- Default suite -->
</testng-results>
